[04-Jan-2022 16:25:34 America/Sao_Paulo] PHP Fatal error:  Uncaught PDOException: SQLSTATE[42S22]: Column not found: 1054 Unknown column 'relatorio.motivoVisitante' in 'field list' in C:\xampp\htdocs\projetoContollerSecurity\Model\Relatorio.php:10
Stack trace:
#0 C:\xampp\htdocs\projetoContollerSecurity\Model\Relatorio.php(10): PDO->query('SELECT relatori...')
#1 C:\xampp\htdocs\projetoContollerSecurity\relatorio.php(6): Relatorio->listaHistoricoDados()
#2 {main}
  thrown in C:\xampp\htdocs\projetoContollerSecurity\Model\Relatorio.php on line 10
[04-Jan-2022 17:16:08 America/Sao_Paulo] PHP Fatal error:  Uncaught Error: Call to undefined method Mensagens::displayAlert() in C:\xampp\htdocs\projetoContollerSecurity\View\home\homeAdministrador.php:22
Stack trace:
#0 C:\xampp\htdocs\projetoContollerSecurity\index.php(9): require_once()
#1 {main}
  thrown in C:\xampp\htdocs\projetoContollerSecurity\View\home\homeAdministrador.php on line 22
[04-Jan-2022 17:16:18 America/Sao_Paulo] PHP Fatal error:  Uncaught Error: Call to undefined method Mensagens::displayAlert() in C:\xampp\htdocs\projetoContollerSecurity\cadastroAdministradores.php:25
Stack trace:
#0 {main}
  thrown in C:\xampp\htdocs\projetoContollerSecurity\cadastroAdministradores.php on line 25
[04-Jan-2022 17:16:21 America/Sao_Paulo] PHP Fatal error:  Uncaught Error: Call to undefined method Mensagens::displayAlert() in C:\xampp\htdocs\projetoContollerSecurity\View\home\homeAdministrador.php:22
Stack trace:
#0 C:\xampp\htdocs\projetoContollerSecurity\index.php(9): require_once()
#1 {main}
  thrown in C:\xampp\htdocs\projetoContollerSecurity\View\home\homeAdministrador.php on line 22
[04-Jan-2022 17:17:16 America/Sao_Paulo] PHP Fatal error:  Uncaught Error: Call to undefined method Mensagens::displayAlert() in C:\xampp\htdocs\projetoContollerSecurity\cadastroAdministradores.php:25
Stack trace:
#0 {main}
  thrown in C:\xampp\htdocs\projetoContollerSecurity\cadastroAdministradores.php on line 25
